1562648988106	mozrunner::runner	INFO	Running command: "C:\\Program Files\\Mozilla Firefox\\firefox.exe" "-marionette" "-headless" "-foreground" "-no-remote" "-profile" "C:\\Users\\go\\AppData\\Local\\Temp\\rust_mozprofile.omYbMgLUD30z"
*** You are running in headless mode.
1562648988489	addons.webextension.screenshots@mozilla.org	WARN	Loading extension 'screenshots@mozilla.org': Reading manifest: Invalid extension permission: mozillaAddons
1562648988489	addons.webextension.screenshots@mozilla.org	WARN	Loading extension 'screenshots@mozilla.org': Reading manifest: Invalid extension permission: resource://pdf.js/
1562648988490	addons.webextension.screenshots@mozilla.org	WARN	Loading extension 'screenshots@mozilla.org': Reading manifest: Invalid extension permission: about:reader*
1562648990275	Marionette	INFO	Listening on port 64298
1562648990322	Marionette	WARN	TLS certificate errors will be ignored for this session
JavaScript error: https://ibank.klikbca.com/accountstmt.do?value(actions)=acctstmtview, line 54: TypeError: document.DateTime is undefined
1562649004217	Marionette	INFO	Stopped listening on port 64298
[Child 13728, Chrome_ChildThread] WARNING: pipe error: 109: file z:/task_1560988636/build/src/ipc/chromium/src/chrome/common/ipc_channel_win.cc, line 341
[Child 13728,[Child 13376, Chrome_ChildThread] WARNING: pipe error: 109: file z:/task_1560988636/build/src/ipc/chromium/src/chrome/common/ipc_channel_win.cc, line 341
[Child 131562649060734	mozrunner::runner	INFO	Running command: "C:\\Program Files\\Mozilla Firefox\\firefox.exe" "-marionette" "-foreground" "-no-remote" "-profile" "C:\\Users\\go\\AppData\\Local\\Temp\\rust_mozprofile.rbUJrjznm7Yy"
1562649061087	addons.webextension.screenshots@mozilla.org	WARN	Loading extension 'screenshots@mozilla.org': Reading manifest: Invalid extension permission: mozillaAddons
1562649061087	addons.webextension.screenshots@mozilla.org	WARN	Loading extension 'screenshots@mozilla.org': Reading manifest: Invalid extension permission: resource://pdf.js/
1562649061087	addons.webextension.screenshots@mozilla.org	WARN	Loading extension 'screenshots@mozilla.org': Reading manifest: Invalid extension permission: about:reader*
1562649062254	Marionette	INFO	Listening on port 64344
1562649062349	Marionette	WARN	TLS certificate errors will be ignored for this session
JavaScript error: https://ibank.klikbca.com/accountstmt.do?value(actions)=acctstmtview, line 54: TypeError: document.DateTime is undefined
1562649075696	Marionette	INFO	Stopped listening on port 64344
[Child 15324, Chrome_ChildThread] WARNING: pipe error: 109: file z:/task_1560988636/build/src/ipc/chromium/src/chrome/common/ipc_channel_win.cc, line 341
[Child 15324[Child 10124, Chrome_ChildThread] WARNING: pipe error: 109: file z:/task_1560988636/build/src/ipc/chromium/src/chrome/common/ipc_channel_win.cc, line 341
[Child 1012[GPU 5008
###!!! [Child][MessageChannel::SendAndWait] Error: Channel error: cannot send/recv

1562653543194	mozrunner::runner	INFO	Running command: "C:\\Program Files\\Mozilla Firefox\\firefox.exe" "-marionette" "-headless" "-foreground" "-no-remote" "-profile" "C:\\Users\\go\\AppData\\Local\\Temp\\rust_mozprofile.avsh9lTt98la"
*** You are running in headless mode.
1562653543534	addons.webextension.screenshots@mozilla.org	WARN	Loading extension 'screenshots@mozilla.org': Reading manifest: Invalid extension permission: mozillaAddons
1562653543535	addons.webextension.screenshots@mozilla.org	WARN	Loading extension 'screenshots@mozilla.org': Reading manifest: Invalid extension permission: resource://pdf.js/
1562653543535	addons.webextension.screenshots@mozilla.org	WARN	Loading extension 'screenshots@mozilla.org': Reading manifest: Invalid extension permission: about:reader*
1562653544653	Marionette	INFO	Listening on port 64700
1562653544804	Marionette	WARN	TLS certificate errors will be ignored for this session
JavaScript error: https://ibank.klikbca.com/accountstmt.do?value(actions)=acctstmtview, line 54: TypeError: document.DateTime is undefined
1562653560055	Marionette	INFO	Stopped listening on port 64700
[Child 7872, Chrome_ChildThread] WARNING: pipe error: 109: file z:/task_1560988636/build/src/ipc/chromium/src/chrome/common/ipc_channel_win.cc, line 341
[Child 7871562812206036	mozrunner::runner	INFO	Running command: "C:\\Program Files\\Mozilla Firefox\\firefox.exe" "-marionette" "-foreground" "-no-remote" "-profile" "C:\\Users\\ADMINI~1\\AppData\\Local\\Temp\\rust_mozprofile.3pPrMNPfsAVS"
1562812206424	addons.webextension.screenshots@mozilla.org	WARN	Loading extension 'screenshots@mozilla.org': Reading manifest: Invalid extension permission: mozillaAddons
1562812206424	addons.webextension.screenshots@mozilla.org	WARN	Loading extension 'screenshots@mozilla.org': Reading manifest: Invalid extension permission: resource://pdf.js/
1562812206424	addons.webextension.screenshots@mozilla.org	WARN	Loading extension 'screenshots@mozilla.org': Reading manifest: Invalid extension permission: about:reader*
1562812207449	Marionette	INFO	Listening on port 50098
1562812207638	Marionette	WARN	TLS certificate errors will be ignored for this session
[Parent 349432, Gecko_IOThread] WARNING: pipe error: 109: file z:/build/build/src/ipc/chromium/src/chrome/common/ipc_channel_win.cc, line 332
[Child 351536, Chrome_ChildThread] WARNING: pipe error: 109: file z:/build/build/src/ipc/chromium/src/chrome/common/ipc_channel_win.cc, line 332
[Child 351536, Chrome_ChildThread] WARNING: pipe error: 109: file z:/build/build/src/ipc/chromium1562812292544	Marionette	INFO	Stopped listening on port 50098
zilla.org	WARN	Loading extension 'screenshots@mozilla.org': Reading manifest: Invalid extension permission: resource://pdf.js/
1562812262826	addons.webextension.screenshots@mozilla.org	WARN	Loading extension 'screenshots@mozilla.org': Reading manifest: Invalid extension permission: about:reader*
1562812263732	Marionette	INFO	Listening on port 50254
1562812264071	Marionette	WARN	TLS certificate errors will be ignored for this session
[Child 348788, Chrome_ChildThread] WARNING: pipe error: 109: file z:/build/build/src/ipc/chromium/src/chrome/common/ipc_channel_win.cc, line 332
[Child 348788, Chrome_ChildThread] WARNING: pipe error: 109: file z:/build/build/src/ipc/chromium/src/chrome/common/ipc_c[Child 351776, Chrome_ChildThread] WARNING: pipe error: 109: file z:/build/build/src/ipc/chromium/src/chrome/common/ipc_channel_win.cc, line 332
[Child 351776, Chrome_ChildThread] WARNING: pipe error: 109: file z:/build/build/src/ipc/[Child 351100, Chrome_ChildThread] WARNING: pipe error: 109: file z:/build/build/src/ipc/chromium/src/chrome/common/ipc_channel_win.cc, line 332
[Child 351100, Chrome_ChildThread] WARNING: pipe error: 109: file z:/bu1562812293745	Marionette	INFO	Stopped listening on port 50254
1562812655000	mozrunner::runner	INFO	Running command: "C:\\Program Files\\Mozilla Firefox\\firefox.exe" "-marionette" "-foreground" "-no-remote" "-profile" "C:\\Users\\ADMINI~1\\AppData\\Local\\Temp\\rust_mozprofile.pZmZ7CbuQmj0"
1562812655359	addons.webextension.screenshots@mozilla.org	WARN	Loading extension 'screenshots@mozilla.org': Reading manifest: Invalid extension permission: mozillaAddons
1562812655359	addons.webextension.screenshots@mozilla.org	WARN	Loading extension 'screenshots@mozilla.org': Reading manifest: Invalid extension permission: resource://pdf.js/
1562812655359	addons.webextension.screenshots@mozilla.org	WARN	Loading extension 'screenshots@mozilla.org': Reading manifest: Invalid extension permission: about:reader*
1562812656377	Marionette	INFO	Listening on port 51139
1562812656603	Marionette	WARN	TLS certificate errors will be ignored for this session
JavaScript error: https://ibank.klikbca.com/accountstmt.do?value(actions)=acctstmtview, line 54: TypeError: document.DateTime is undefined
console.error: BroadcastService: 
  receivedBroadcastMessage: handler for
  remote-settings/monitor_changes
  threw error:
  Message: Error: Polling for changes failed: NetworkError when attempting to fetch resource..
  Stack:
    remoteSettingsFunction/remoteSettings.pollChanges@resource://services-settings/remote-settings.js:190:13

[Child 351496, Chrome_ChildThread] WARNING: pipe error: 109: file z:/build/build/src/ipc/chromium/src/chrome/common/ipc_channel_win.cc, line 332
[Child 351496, Chrome_ChildThread] WARNING: pipe error: 109: file z:/build/build/src/ipc/chromium/src/chrome/[Child 350504, Chrome_ChildThread] WARNING: pipe error: 109: file z:/build/build/src/ipc/chromium/src/chrome/common/ipc_channel_win.cc, line 332
[Child 350504, Chrome_ChildThread] WARNING: pipe error: 109: file z:/build/build/src/ipc/chrom1562813123250	Marionette	INFO	Stopped listening on port 51139
1562813139745	mozrunner::runner	INFO	Running command: "C:\\Program Files\\Mozilla Firefox\\firefox.exe" "-marionette" "-foreground" "-no-remote" "-profile" "C:\\Users\\ADMINI~1\\AppData\\Local\\Temp\\rust_mozprofile.S7AsU4DSHKf0"
1562813140113	addons.webextension.screenshots@mozilla.org	WARN	Loading extension 'screenshots@mozilla.org': Reading manifest: Invalid extension permission: mozillaAddons
1562813140113	addons.webextension.screenshots@mozilla.org	WARN	Loading extension 'screenshots@mozilla.org': Reading manifest: Invalid extension permission: resource://pdf.js/
1562813140113	addons.webextension.screenshots@mozilla.org	WARN	Loading extension 'screenshots@mozilla.org': Reading manifest: Invalid extension permission: about:reader*
1562813141046	Marionette	INFO	Listening on port 52018
1562813141348	Marionette	WARN	TLS certificate errors will be ignored for this session
JavaScript error: https://ibank.klikbca.com/accountstmt.do?value(actions)=acctstmtview, line 54: TypeError: document.DateTime is undefined
[Child 351932, Chrome_ChildThread] WARNING: pipe error: 109: file z:/build/build/src/ipc/chromium/src/chrome/common/ipc_channel_win.cc, line 332
[Child 347360, Chrome_ChildThread] WARNING: pipe error: 109: file z:/build/build/src/ipc/chromium/src/chrome/common/ipc_channel_win.cc, line 332
[Child 347360, Chrome_ChildThread] WARNING: pipe error: 109: file z:/build/build/src1562813209215	Marionette	INFO	Stopped listening on port 52018
1562813241058	mozrunner::runner	INFO	Running command: "C:\\Program Files\\Mozilla Firefox\\firefox.exe" "-marionette" "-foreground" "-no-remote" "-profile" "C:\\Users\\ADMINI~1\\AppData\\Local\\Temp\\rust_mozprofile.FMVDha7ZxB5t"
1562813241414	addons.webextension.screenshots@mozilla.org	WARN	Loading extension 'screenshots@mozilla.org': Reading manifest: Invalid extension permission: mozillaAddons
1562813241415	addons.webextension.screenshots@mozilla.org	WARN	Loading extension 'screenshots@mozilla.org': Reading manifest: Invalid extension permission: resource://pdf.js/
1562813241415	addons.webextension.screenshots@mozilla.org	WARN	Loading extension 'screenshots@mozilla.org': Reading manifest: Invalid extension permission: about:reader*
1562813242323	Marionette	INFO	Listening on port 52095
1562813242661	Marionette	WARN	TLS certificate errors will be ignored for this session
JavaScript error: https://ibank.klikbca.com/accountstmt.do?value(actions)=acctstmtview, line 54: TypeError: document.DateTime is undefined
console.error: BroadcastService: 
  receivedBroadcastMessage: handler for
  remote-settings/monitor_changes
  threw error:
  Message: Error: Polling for changes failed: NetworkError when attempting to fetch resource..
  Stack:
    remoteSettingsFunction/remoteSettings.pollChanges@resource://services-settings/remote-settings.js:190:13

[Parent 352016, Gecko_IOThread] WARNING: pipe error: 109: file z:/build/build/src/ipc/chromium/src/chrome/common/ipc_channel_win.cc, line 332
[Child 351288, Chrome_ChildThread] WARNING: pipe error: 109: file z:/build/build/src/ipc/chromium/src/chrome/common/ipc_channel_win.cc, line 332
[Child 351288, Chrome_ChildThread] WARNING: pipe error: 109: file z:/build/build/src/ipc/chromium/src/chrome/comm[Child 350348, Chrome_ChildThread] WARNING: pipe error: 109: file z:/build/build/src/ipc/chromium/src/chrome/common/ipc_channel_win.cc, line 332
[Child 350348, Chrome_ChildThread] WARNING: pipe error: 109: file z:/build/build/src/ipc/chromium/src/chrome/c[Child 350272, Chrome_ChildThread] WARNING: pipe error: 109: file z:/build/build/src/ipc/chromium/src/chrome/common/ipc_channel_win.cc, line 332
[Child 350272, Chrome_ChildThread] WARNING: pipe error: 109: file z:/build/build/src/ipc/chromium/sr1562813443422	Marionette	INFO	Stopped listening on port 52095
1562813519337	mozrunner::runner	INFO	Running command: "C:\\Program Files\\Mozilla Firefox\\firefox.exe" "-marionette" "-foreground" "-no-remote" "-profile" "C:\\Users\\ADMINI~1\\AppData\\Local\\Temp\\rust_mozprofile.x41XSn4Kp9sr"
1562813519699	addons.webextension.screenshots@mozilla.org	WARN	Loading extension 'screenshots@mozilla.org': Reading manifest: Invalid extension permission: mozillaAddons
1562813519699	addons.webextension.screenshots@mozilla.org	WARN	Loading extension 'screenshots@mozilla.org': Reading manifest: Invalid extension permission: resource://pdf.js/
1562813519699	addons.webextension.screenshots@mozilla.org	WARN	Loading extension 'screenshots@mozilla.org': Reading manifest: Invalid extension permission: about:reader*
1562813520640	Marionette	INFO	Listening on port 52640
1562813520934	Marionette	WARN	TLS certificate errors will be ignored for this session
JavaScript error: https://ibank.klikbca.com/accountstmt.do?value(actions)=acctstmtview, line 54: TypeError: document.DateTime is undefined
[Child 352300, Chrome_ChildThread] WARNING: pipe error: 109: file z:/build/build/src/ipc/chromium/src/chrome/common/ipc_channel_win.cc, line 332
[Child 352300, Chrome_ChildThread] WARNING: pipe error: 109: file z:/build/build/src/ipc[Child 350224, Chrome_ChildThread] WARNING: pipe error: 109: file z:/build/build/src/ipc/chromium/src/chrome/common/ipc_channel_win.cc, line 332
[Child 350224, Chrome_ChildThread] WARNING: pipe error: 109: file1562813714639	Marionette	INFO	Stopped listening on port 52640
1562813738739	mozrunner::runner	INFO	Running command: "C:\\Program Files\\Mozilla Firefox\\firefox.exe" "-marionette" "-foreground" "-no-remote" "-profile" "C:\\Users\\ADMINI~1\\AppData\\Local\\Temp\\rust_mozprofile.ra0s0gWveXW7"
1562813739096	addons.webextension.screenshots@mozilla.org	WARN	Loading extension 'screenshots@mozilla.org': Reading manifest: Invalid extension permission: mozillaAddons
1562813739096	addons.webextension.screenshots@mozilla.org	WARN	Loading extension 'screenshots@mozilla.org': Reading manifest: Invalid extension permission: resource://pdf.js/
1562813739096	addons.webextension.screenshots@mozilla.org	WARN	Loading extension 'screenshots@mozilla.org': Reading manifest: Invalid extension permission: about:reader*
1562813740136	Marionette	INFO	Listening on port 53067
1562813740343	Marionette	WARN	TLS certificate errors will be ignored for this session
JavaScript error: https://ibank.klikbca.com/accountstmt.do?value(actions)=acctstmtview, line 54: TypeError: document.DateTime is undefined
1562813754208	Marionette	INFO	Stopped listening on port 53067
[Child[Child 352132, Chrome_ChildThread] WARNING: pipe error: 109: file z:/build/build/src/ipc/chromium/src/chrome/common/ipc_channel_win.cc, line 332
[Child 352132, Chrome_ChildThread] WARNING: pipe error: 109: file z:/build/build/src/ipc/c1562813858874	mozrunner::runner	INFO	Running command: "C:\\Program Files\\Mozilla Firefox\\firefox.exe" "-marionette" "-headless" "-foreground" "-no-remote" "-profile" "C:\\Users\\ADMINI~1\\AppData\\Local\\Temp\\rust_mozprofile.KXv9dMs1kpFF"
*** You are running in headless mode.
1562813859234	addons.webextension.screenshots@mozilla.org	WARN	Loading extension 'screenshots@mozilla.org': Reading manifest: Invalid extension permission: mozillaAddons
1562813859234	addons.webextension.screenshots@mozilla.org	WARN	Loading extension 'screenshots@mozilla.org': Reading manifest: Invalid extension permission: resource://pdf.js/
1562813859234	addons.webextension.screenshots@mozilla.org	WARN	Loading extension 'screenshots@mozilla.org': Reading manifest: Invalid extension permission: about:reader*
1562813860143	Marionette	INFO	Listening on port 53302
1562813860483	Marionette	WARN	TLS certificate errors will be ignored for this session
JavaScript error: https://ibank.klikbca.com/accountstmt.do?value(actions)=acctstmtview, line 54: TypeError: document.DateTime is undefined
1562813875655	Marionette	INFO	Stopped listening on port 53302
[Child 351328, Chrome_ChildThread] WARNING: pipe error: 109: file z:/build/build/src/ipc/chromium/src/chrome/common/ipc_channel_win.cc, line 332
[Child 351328, Chrome_ChildThread] WARNING: pipe error: 109: file z:/build/build/src/ipc/chromium[Child 352968, Chrome_ChildThread] WARNING: pipe error: 109: file z:/build/build/src/ipc/chromium/src/chrome/common/ipc_channel_win.cc, line 332
[Child 352968, Chrome_ChildThread] WARNING: pipe error: 109: file 1562813914340	mozrunner::runner	INFO	Running command: "C:\\Program Files\\Mozilla Firefox\\firefox.exe" "-marionette" "-headless" "-foreground" "-no-remote" "-profile" "C:\\Users\\ADMINI~1\\AppData\\Local\\Temp\\rust_mozprofile.TLJ2sIm3NQKd"
*** You are running in headless mode.
1562813914695	addons.webextension.screenshots@mozilla.org	WARN	Loading extension 'screenshots@mozilla.org': Reading manifest: Invalid extension permission: mozillaAddons
1562813914695	addons.webextension.screenshots@mozilla.org	WARN	Loading extension 'screenshots@mozilla.org': Reading manifest: Invalid extension permission: resource://pdf.js/
1562813914696	addons.webextension.screenshots@mozilla.org	WARN	Loading extension 'screenshots@mozilla.org': Reading manifest: Invalid extension permission: about:reader*
1562813915595	Marionette	INFO	Listening on port 53655
1562813915943	Marionette	WARN	TLS certificate errors will be ignored for this session
JavaScript error: https://ibank.klikbca.com/accountstmt.do?value(actions)=acctstmtview, line 54: TypeError: document.DateTime is undefined
1562813933890	Marionette	INFO	Stopped listening on port 53655
[Child 351960, Chrome_ChildThread] WARNING: pipe error: 109: file z:/build/build/src/ipc/chromium/src/chrome/common/ipc_channel_win.cc, line 332
[Child 351960, Chrome_ChildThread] WARNING: pipe error: 109: file z:/b[Child 352904, Chrome_ChildThread] WARNING: pipe error: 109: file z:/build/build/src/ipc/chromium/src/chrome/common/ipc_channel_win.cc, line 332
[Child 352904, Chrome_ChildThread] WARNING: pipe error: 109: file z:/build/build/src/ipc/chromium/src/chrome[Child 350524, Chrome_ChildThread] WARNING: pipe error: 109: file z:/build/build/src/ipc/chromium/src/chrome/common/ipc_channel_win.cc, line 332
[Child 350524, Chrome_ChildThread] WARNING: pipe error: 109: file z:/build/build/src/ip1562814019275	mozrunner::runner	INFO	Running command: "C:\\Program Files\\Mozilla Firefox\\firefox.exe" "-marionette" "-headless" "-foreground" "-no-remote" "-profile" "C:\\Users\\ADMINI~1\\AppData\\Local\\Temp\\rust_mozprofile.HCCXuaTBxxYV"
*** You are running in headless mode.
1562814019637	addons.webextension.screenshots@mozilla.org	WARN	Loading extension 'screenshots@mozilla.org': Reading manifest: Invalid extension permission: mozillaAddons
1562814019637	addons.webextension.screenshots@mozilla.org	WARN	Loading extension 'screenshots@mozilla.org': Reading manifest: Invalid extension permission: resource://pdf.js/
1562814019638	addons.webextension.screenshots@mozilla.org	WARN	Loading extension 'screenshots@mozilla.org': Reading manifest: Invalid extension permission: about:reader*
1562814020557	Marionette	INFO	Listening on port 53726
1562814020879	Marionette	WARN	TLS certificate errors will be ignored for this session
JavaScript error: https://ibank.klikbca.com/accountstmt.do?value(actions)=acctstmtview, line 54: TypeError: document.DateTime is undefined
1562814037414	Marionette	INFO	Stopped listening on port 53726
[Child 332320, Chrome_ChildThread] WARNING: pipe error: 109: file z:/build/build/src/ipc/chromium/src/chrome/common/ipc_channel_win.cc, line 332
[Child 332320, Chrome_ChildThread] WARNING: pipe error: 109: file z:/buil[Child 350284, Chrome_ChildThread] WARNING: pipe error: 109: file z:/build/build/src/ipc/chromium/src/chrome/common/ipc_channel_win.cc, line 332
[Child 350284, Chrome_ChildThread] WARNING: pipe error: